[2025-09-23 12:20:20] ✅ 已加载 50 个账号。当前环境: DEV
[2025-09-23 12:20:31] INFO: 🔄 开始生成第 1/1 个账号...
[2025-09-23 12:20:31] [2025-09-23 12:20:31] INFO: 🔄 开始生成第 1/1 个账号...
[2025-09-23 12:20:34] DEBUG: 📧 邮箱创建成功: zzz037@tiffincrane.com
[2025-09-23 12:20:34] [2025-09-23 12:20:34] DEBUG: 📧 邮箱创建成功: zzz037@tiffincrane.com
[2025-09-23 12:20:34] DEBUG: 📧 邮箱密码: 67676767c
[2025-09-23 12:20:34] [2025-09-23 12:20:34] DEBUG: 📧 邮箱密码: 67676767c
[2025-09-23 12:20:34] INFO: ✅ 创建邮箱: zzz037@tiffincrane.com
[2025-09-23 12:20:34] [2025-09-23 12:20:34] INFO: ✅ 创建邮箱: zzz037@tiffincrane.com
[2025-09-23 12:20:35] DEBUG: 📨 已发送注册验证码...
[2025-09-23 12:20:35] [2025-09-23 12:20:35] DEBUG: 📨 已发送注册验证码...
[2025-09-23 12:20:40] INFO: 🔑 验证码: 6112
[2025-09-23 12:20:40] [2025-09-23 12:20:40] INFO: 🔑 验证码: 6112
[2025-09-23 12:20:40] ERROR: 生成账号失败: invalid command name ".!panedwindow.!frame2.!accounttoolpage3.!labelframe.!frame.!logtext"
[2025-09-23 12:20:40] [2025-09-23 12:20:40] ERROR: 生成账号失败: invalid command name ".!panedwindow.!frame2.!accounttoolpage3.!labelframe.!frame.!logtext"
[2025-09-23 12:20:40] ERROR: ❌ 第 1 个账号生成失败
[2025-09-23 12:20:40] [2025-09-23 12:20:40] ERROR: ❌ 第 1 个账号生成失败
[2025-09-23 12:20:40] ❌ 生成过程中发生错误: invalid command name ".!panedwindow.!frame2.!accounttoolpage3.!labelframe.!frame.!logtext"
[2025-09-24 15:09:37] ✅ 已加载 50 个账号。当前环境: DEV
[2025-09-24 15:09:41] ✅ 已加载 50 个账号。当前环境: DEV
[2025-09-24 15:10:21] 🚀 开始执行: 发布帖子
[2025-09-24 15:10:23] ✅ 登录成功
[2025-09-24 15:10:26] ✅ 第 1 篇: 发布成功 | Post ID: 10013962
[2025-09-24 15:10:26] 
🎉 批量发帖完成！成功 1/1 篇。
[2025-09-24 15:10:32] ✅ 已加载 50 个账号。当前环境: DEV
[2025-09-24 15:10:37] ✅ 已加载 50 个账号。当前环境: DEV
[2025-09-24 15:10:53] INFO: 🔄 开始生成第 1/1 个账号...
[2025-09-24 15:10:53] [2025-09-24 15:10:53] INFO: 🔄 开始生成第 1/1 个账号...
[2025-09-24 15:10:56] DEBUG: 📧 邮箱创建成功: kkkk29@tiffincrane.com
[2025-09-24 15:10:56] DEBUG: 📧 邮箱密码: 66666666d
[2025-09-24 15:10:56] INFO: ✅ 创建邮箱: kkkk29@tiffincrane.com
[2025-09-24 15:10:56] [2025-09-24 15:10:56] DEBUG: 📧 邮箱创建成功: kkkk29@tiffincrane.com
[2025-09-24 15:10:56] [2025-09-24 15:10:56] DEBUG: 📧 邮箱密码: 66666666d
[2025-09-24 15:10:56] [2025-09-24 15:10:56] INFO: ✅ 创建邮箱: kkkk29@tiffincrane.com
[2025-09-24 15:10:58] DEBUG: 📨 已发送注册验证码...
[2025-09-24 15:10:58] [2025-09-24 15:10:58] DEBUG: 📨 已发送注册验证码...
[2025-09-24 15:11:04] INFO: 🔑 验证码: 8644
[2025-09-24 15:11:04] [2025-09-24 15:11:04] INFO: 🔑 验证码: 8644
[2025-09-24 15:11:05] DEBUG: ✅ 验证码已验证
[2025-09-24 15:11:05] [2025-09-24 15:11:05] DEBUG: ✅ 验证码已验证
[2025-09-24 15:11:07] INFO: 🎉 账号注册成功
[2025-09-24 15:11:07] [2025-09-24 15:11:07] INFO: 🎉 账号注册成功
[2025-09-24 15:11:08] DEBUG: 👤 账号已登录（激活）
[2025-09-24 15:11:08] [2025-09-24 15:11:08] DEBUG: 👤 账号已登录（激活）
[2025-09-24 15:11:10] DEBUG: 📨 已发送 AID 验证码...
[2025-09-24 15:11:10] [2025-09-24 15:11:10] DEBUG: 📨 已发送 AID 验证码...
[2025-09-24 15:11:16] INFO: 🔑 AID 验证码: 8098
[2025-09-24 15:11:17] [2025-09-24 15:11:16] INFO: 🔑 AID 验证码: 8098
[2025-09-24 15:11:18] INFO: ✅ AID 已激活
[2025-09-24 15:11:18] INFO: ✅ 第 1 个账号生成成功: 
[2025-09-24 15:11:18] INFO: ✅ email: kkkk29@tiffincrane.com ,password: 66666666d 
[2025-09-24 15:11:18] [2025-09-24 15:11:18] INFO: ✅ AID 已激活
[2025-09-24 15:11:18] [2025-09-24 15:11:18] INFO: ✅ 第 1 个账号生成成功: 
[2025-09-24 15:11:18] [2025-09-24 15:11:18] INFO: ✅ email: kkkk29@tiffincrane.com ,password: 66666666d 
[2025-09-24 15:11:18] 
🎉 成功生成 1 个账号，当前共 51 个账号。

[2025-09-24 15:11:29] 🚀 开始执行: 发布帖子
[2025-09-24 15:11:30] ✅ 登录成功
[2025-09-24 15:11:33] ✅ 第 1 篇: 发布成功 | Post ID: 10013963
[2025-09-24 15:11:33] 
🎉 批量发帖完成！成功 1/1 篇。
[2025-09-24 15:22:54] ✅ 已加载 50 个账号。当前环境: DEV
[2025-09-24 15:23:07] ✅ 已加载 50 个账号。当前环境: DEV
[2025-09-24 15:24:07] ✅ 已加载 50 个账号。当前环境: DEV
[2025-09-24 15:24:15] ✅ 已加载 50 个账号。当前环境: DEV
[2025-09-24 15:24:28] ✅ 已加载 50 个账号。当前环境: DEV
[2025-09-24 15:25:01] ✅ 已加载 50 个账号。当前环境: DEV
[2025-09-24 15:25:03] ✅ 已加载 50 个账号。当前环境: DEV
[2025-09-24 15:25:20] ✅ 已加载 50 个账号。当前环境: DEV
[2025-09-24 15:26:36] ✅ 已加载 50 个账号。当前环境: DEV
[2025-09-24 15:26:51] ✅ 已加载 50 个账号。当前环境: DEV
